<?xml version="1.0" encoding="UTF-8"?>
<testsuite name="Transferencia de fondos entre cuentas" tests="1" skipped="0" failures="0" errors="0" timestamp="2023-03-24T22:26:44" hostname="DESKTOP-Q2NSCJ7" time="4.65">
  <properties/>
  <testcase name="Como usuario existente y habilitado, quiero realizar una transferencia de fondos a la tarjeta de credito" classname="Transferencia de fondos entre cuentas" time="4.65"/>
  <system-out><![CDATA[]]></system-out>
  <system-err><![CDATA[Starting ChromeDriver 111.0.5563.64 (c710e93d5b63b7095afe8c2c17df34408078439d-refs/branch-heads/5563@{#995}) on port 30544
Only local connections are allowed.
Please see https://chromedriver.chromium.org/security-considerations for suggestions on keeping ChromeDriver safe.
ChromeDriver was started successfully.
Mar 24, 2023 5:26:45 PM org.openqa.selenium.remote.ProtocolHandshake createSession
INFO: Detected dialect: W3C
]]></system-err>
</testsuite>
